\BOOKMARK [0][-]{chapter.1}{Electric Charge and Electric Field}{}% 1
\BOOKMARK [1][-]{section.1.1}{Electric Charge}{chapter.1}% 2
\BOOKMARK [1][-]{section.1.2}{Electric Field and Electric Forces}{chapter.1}% 3
\BOOKMARK [1][-]{section.1.3}{Electric Field Lines}{chapter.1}% 4
\BOOKMARK [1][-]{section.1.4}{Electric Dipoles}{chapter.1}% 5
\BOOKMARK [1][-]{section.1.5}{Gauss's Law}{chapter.1}% 6
\BOOKMARK [0][-]{chapter.2}{Electric Potential}{}% 7
\BOOKMARK [0][-]{chapter.3}{Electric Potential}{}% 8
\BOOKMARK [0][-]{chapter.4}{Capacitance and Dielectrics}{}% 9
\BOOKMARK [0][-]{chapter.5}{Current, Resistance, and Electromotive Force}{}% 10
\BOOKMARK [0][-]{chapter.6}{Direct-Current Circuits}{}% 11
\BOOKMARK [0][-]{chapter.7}{Direct-Current Circuits}{}% 12
\BOOKMARK [1][-]{section.7.1}{Electrical Measuring Instruments}{chapter.7}% 13
\BOOKMARK [1][-]{section.7.2}{Ohmmeters}{chapter.7}% 14
\BOOKMARK [1][-]{section.7.3}{R-C Circuits}{chapter.7}% 15
\BOOKMARK [0][-]{chapter.8}{Magnetic Field and Magnetic Forces}{}% 16
\BOOKMARK [0][-]{chapter.9}{Sources of Magnetic Field}{}% 17
\BOOKMARK [0][-]{chapter.10}{Electromagnetic Induction}{}% 18
\BOOKMARK [0][-]{chapter.11}{Inductance}{}% 19
\BOOKMARK [0][-]{chapter.12}{Electromagnetic Waves}{}% 20
